
Profiling started at Tue Jul 16 00:34:52 2019
Profiling stopped at Tue Jul 16 00:34:52 2019

-- OProfile/operf Statistics --
Nr. non-backtrace samples: 3221
Nr. kernel samples: 12
Nr. user space samples: 3209
Nr. samples lost due to sample address not in expected range for domain: 0
Nr. lost kernel samples: 0
Nr. samples lost due to sample file open failure: 0
Nr. samples lost due to no permanent mapping: 0
Nr. user context kernel samples lost due to no app info available: 0
Nr. user samples lost due to no app info available: 0
Nr. backtraces skipped due to no file mapping: 0
Nr. hypervisor samples dropped due to address out-of-range: 0
Nr. samples lost reported by perf_events kernel: 0

Profiling started at Tue Jul 16 00:35:41 2019
Profiling stopped at Tue Jul 16 00:35:41 2019

-- OProfile/operf Statistics --
Nr. non-backtrace samples: 3235
Nr. kernel samples: 14
Nr. user space samples: 3221
Nr. samples lost due to sample address not in expected range for domain: 0
Nr. lost kernel samples: 0
Nr. samples lost due to sample file open failure: 0
Nr. samples lost due to no permanent mapping: 0
Nr. user context kernel samples lost due to no app info available: 0
Nr. user samples lost due to no app info available: 0
Nr. backtraces skipped due to no file mapping: 0
Nr. hypervisor samples dropped due to address out-of-range: 0
Nr. samples lost reported by perf_events kernel: 0

Profiling started at Tue Jul 16 00:35:51 2019
Profiling stopped at Tue Jul 16 00:35:51 2019

-- OProfile/operf Statistics --
Nr. non-backtrace samples: 3246
Nr. kernel samples: 19
Nr. user space samples: 3227
Nr. samples lost due to sample address not in expected range for domain: 0
Nr. lost kernel samples: 0
Nr. samples lost due to sample file open failure: 0
Nr. samples lost due to no permanent mapping: 0
Nr. user context kernel samples lost due to no app info available: 0
Nr. user samples lost due to no app info available: 0
Nr. backtraces skipped due to no file mapping: 0
Nr. hypervisor samples dropped due to address out-of-range: 0
Nr. samples lost reported by perf_events kernel: 0

Profiling started at Tue Jul 16 00:36:14 2019
Profiling stopped at Tue Jul 16 00:36:14 2019

-- OProfile/operf Statistics --
Nr. non-backtrace samples: 3224
Nr. kernel samples: 12
Nr. user space samples: 3212
Nr. samples lost due to sample address not in expected range for domain: 0
Nr. lost kernel samples: 0
Nr. samples lost due to sample file open failure: 0
Nr. samples lost due to no permanent mapping: 0
Nr. user context kernel samples lost due to no app info available: 0
Nr. user samples lost due to no app info available: 0
Nr. backtraces skipped due to no file mapping: 0
Nr. hypervisor samples dropped due to address out-of-range: 0
Nr. samples lost reported by perf_events kernel: 0

Profiling started at Tue Jul 16 00:36:24 2019
Profiling stopped at Tue Jul 16 00:36:24 2019

-- OProfile/operf Statistics --
Nr. non-backtrace samples: 3232
Nr. kernel samples: 19
Nr. user space samples: 3213
Nr. samples lost due to sample address not in expected range for domain: 0
Nr. lost kernel samples: 0
Nr. samples lost due to sample file open failure: 0
Nr. samples lost due to no permanent mapping: 0
Nr. user context kernel samples lost due to no app info available: 0
Nr. user samples lost due to no app info available: 0
Nr. backtraces skipped due to no file mapping: 0
Nr. hypervisor samples dropped due to address out-of-range: 0
Nr. samples lost reported by perf_events kernel: 0

Profiling started at Tue Jul 16 00:36:24 2019
Profiling stopped at Tue Jul 16 00:36:24 2019

-- OProfile/operf Statistics --
Nr. non-backtrace samples: 161
Nr. kernel samples: 13
Nr. user space samples: 148
Nr. samples lost due to sample address not in expected range for domain: 0
Nr. lost kernel samples: 0
Nr. samples lost due to sample file open failure: 0
Nr. samples lost due to no permanent mapping: 0
Nr. user context kernel samples lost due to no app info available: 0
Nr. user samples lost due to no app info available: 0
Nr. backtraces skipped due to no file mapping: 0
Nr. hypervisor samples dropped due to address out-of-range: 0
Nr. samples lost reported by perf_events kernel: 0

Profiling started at Tue Jul 16 00:36:24 2019
Profiling stopped at Tue Jul 16 00:36:24 2019

-- OProfile/operf Statistics --
Nr. non-backtrace samples: 418
Nr. kernel samples: 14
Nr. user space samples: 404
Nr. samples lost due to sample address not in expected range for domain: 0
Nr. lost kernel samples: 0
Nr. samples lost due to sample file open failure: 0
Nr. samples lost due to no permanent mapping: 0
Nr. user context kernel samples lost due to no app info available: 0
Nr. user samples lost due to no app info available: 0
Nr. backtraces skipped due to no file mapping: 0
Nr. hypervisor samples dropped due to address out-of-range: 0
Nr. samples lost reported by perf_events kernel: 0

Profiling started at Tue Jul 16 00:36:25 2019
Profiling stopped at Tue Jul 16 00:36:25 2019

-- OProfile/operf Statistics --
Nr. non-backtrace samples: 25
Nr. kernel samples: 13
Nr. user space samples: 12
Nr. samples lost due to sample address not in expected range for domain: 0
Nr. lost kernel samples: 0
Nr. samples lost due to sample file open failure: 0
Nr. samples lost due to no permanent mapping: 0
Nr. user context kernel samples lost due to no app info available: 0
Nr. user samples lost due to no app info available: 0
Nr. backtraces skipped due to no file mapping: 0
Nr. hypervisor samples dropped due to address out-of-range: 0
Nr. samples lost reported by perf_events kernel: 0

Profiling started at Tue Jul 16 00:36:25 2019
Profiling stopped at Tue Jul 16 00:36:25 2019

-- OProfile/operf Statistics --
Nr. non-backtrace samples: 26
Nr. kernel samples: 9
Nr. user space samples: 17
Nr. samples lost due to sample address not in expected range for domain: 0
Nr. lost kernel samples: 0
Nr. samples lost due to sample file open failure: 0
Nr. samples lost due to no permanent mapping: 1
Nr. user context kernel samples lost due to no app info available: 0
Nr. user samples lost due to no app info available: 0
Nr. backtraces skipped due to no file mapping: 0
Nr. hypervisor samples dropped due to address out-of-range: 0
Nr. samples lost reported by perf_events kernel: 0

Profiling started at Tue Jul 16 00:36:25 2019
Profiling stopped at Tue Jul 16 00:36:25 2019

-- OProfile/operf Statistics --
Nr. non-backtrace samples: 1450
Nr. kernel samples: 16
Nr. user space samples: 1434
Nr. samples lost due to sample address not in expected range for domain: 0
Nr. lost kernel samples: 0
Nr. samples lost due to sample file open failure: 0
Nr. samples lost due to no permanent mapping: 0
Nr. user context kernel samples lost due to no app info available: 0
Nr. user samples lost due to no app info available: 0
Nr. backtraces skipped due to no file mapping: 0
Nr. hypervisor samples dropped due to address out-of-range: 0
Nr. samples lost reported by perf_events kernel: 0

Profiling started at Tue Jul 16 00:36:25 2019
Profiling stopped at Tue Jul 16 00:36:25 2019

-- OProfile/operf Statistics --
Nr. non-backtrace samples: 31
Nr. kernel samples: 9
Nr. user space samples: 22
Nr. samples lost due to sample address not in expected range for domain: 0
Nr. lost kernel samples: 0
Nr. samples lost due to sample file open failure: 0
Nr. samples lost due to no permanent mapping: 0
Nr. user context kernel samples lost due to no app info available: 0
Nr. user samples lost due to no app info available: 0
Nr. backtraces skipped due to no file mapping: 0
Nr. hypervisor samples dropped due to address out-of-range: 0
Nr. samples lost reported by perf_events kernel: 0

Profiling started at Tue Jul 16 00:36:25 2019
Profiling stopped at Tue Jul 16 00:36:26 2019

-- OProfile/operf Statistics --
Nr. non-backtrace samples: 1740
Nr. kernel samples: 15
Nr. user space samples: 1725
Nr. samples lost due to sample address not in expected range for domain: 0
Nr. lost kernel samples: 0
Nr. samples lost due to sample file open failure: 0
Nr. samples lost due to no permanent mapping: 0
Nr. user context kernel samples lost due to no app info available: 0
Nr. user samples lost due to no app info available: 0
Nr. backtraces skipped due to no file mapping: 0
Nr. hypervisor samples dropped due to address out-of-range: 0
Nr. samples lost reported by perf_events kernel: 0

Profiling started at Tue Jul 16 00:36:26 2019
Profiling stopped at Tue Jul 16 00:36:26 2019

-- OProfile/operf Statistics --
Nr. non-backtrace samples: 2180
Nr. kernel samples: 17
Nr. user space samples: 2163
Nr. samples lost due to sample address not in expected range for domain: 0
Nr. lost kernel samples: 0
Nr. samples lost due to sample file open failure: 0
Nr. samples lost due to no permanent mapping: 0
Nr. user context kernel samples lost due to no app info available: 0
Nr. user samples lost due to no app info available: 0
Nr. backtraces skipped due to no file mapping: 0
Nr. hypervisor samples dropped due to address out-of-range: 0
Nr. samples lost reported by perf_events kernel: 0

Profiling started at Tue Jul 16 00:36:26 2019
Profiling stopped at Tue Jul 16 00:36:26 2019

-- OProfile/operf Statistics --
Nr. non-backtrace samples: 2672
Nr. kernel samples: 15
Nr. user space samples: 2657
Nr. samples lost due to sample address not in expected range for domain: 0
Nr. lost kernel samples: 0
Nr. samples lost due to sample file open failure: 0
Nr. samples lost due to no permanent mapping: 0
Nr. user context kernel samples lost due to no app info available: 0
Nr. user samples lost due to no app info available: 0
Nr. backtraces skipped due to no file mapping: 0
Nr. hypervisor samples dropped due to address out-of-range: 0
Nr. samples lost reported by perf_events kernel: 0

Profiling started at Tue Jul 16 00:36:45 2019
Profiling stopped at Tue Jul 16 00:36:45 2019

-- OProfile/operf Statistics --
Nr. non-backtrace samples: 3242
Nr. kernel samples: 12
Nr. user space samples: 3230
Nr. samples lost due to sample address not in expected range for domain: 0
Nr. lost kernel samples: 0
Nr. samples lost due to sample file open failure: 0
Nr. samples lost due to no permanent mapping: 0
Nr. user context kernel samples lost due to no app info available: 0
Nr. user samples lost due to no app info available: 0
Nr. backtraces skipped due to no file mapping: 0
Nr. hypervisor samples dropped due to address out-of-range: 0
Nr. samples lost reported by perf_events kernel: 0

Profiling started at Tue Jul 16 00:36:45 2019
Profiling stopped at Tue Jul 16 00:36:45 2019

-- OProfile/operf Statistics --
Nr. non-backtrace samples: 160
Nr. kernel samples: 11
Nr. user space samples: 149
Nr. samples lost due to sample address not in expected range for domain: 0
Nr. lost kernel samples: 0
Nr. samples lost due to sample file open failure: 0
Nr. samples lost due to no permanent mapping: 0
Nr. user context kernel samples lost due to no app info available: 0
Nr. user samples lost due to no app info available: 0
Nr. backtraces skipped due to no file mapping: 0
Nr. hypervisor samples dropped due to address out-of-range: 0
Nr. samples lost reported by perf_events kernel: 0

Profiling started at Tue Jul 16 00:36:45 2019
Profiling stopped at Tue Jul 16 00:36:45 2019

-- OProfile/operf Statistics --
Nr. non-backtrace samples: 435
Nr. kernel samples: 15
Nr. user space samples: 420
Nr. samples lost due to sample address not in expected range for domain: 0
Nr. lost kernel samples: 0
Nr. samples lost due to sample file open failure: 0
Nr. samples lost due to no permanent mapping: 1
Nr. user context kernel samples lost due to no app info available: 0
Nr. user samples lost due to no app info available: 0
Nr. backtraces skipped due to no file mapping: 0
Nr. hypervisor samples dropped due to address out-of-range: 0
Nr. samples lost reported by perf_events kernel: 0

Profiling started at Tue Jul 16 00:36:45 2019
Profiling stopped at Tue Jul 16 00:36:45 2019

-- OProfile/operf Statistics --
Nr. non-backtrace samples: 24
Nr. kernel samples: 10
Nr. user space samples: 14
Nr. samples lost due to sample address not in expected range for domain: 0
Nr. lost kernel samples: 0
Nr. samples lost due to sample file open failure: 0
Nr. samples lost due to no permanent mapping: 0
Nr. user context kernel samples lost due to no app info available: 0
Nr. user samples lost due to no app info available: 0
Nr. backtraces skipped due to no file mapping: 0
Nr. hypervisor samples dropped due to address out-of-range: 0
Nr. samples lost reported by perf_events kernel: 0

Profiling started at Tue Jul 16 00:36:45 2019
Profiling stopped at Tue Jul 16 00:36:46 2019

-- OProfile/operf Statistics --
Nr. non-backtrace samples: 29
Nr. kernel samples: 12
Nr. user space samples: 17
Nr. samples lost due to sample address not in expected range for domain: 0
Nr. lost kernel samples: 0
Nr. samples lost due to sample file open failure: 0
Nr. samples lost due to no permanent mapping: 0
Nr. user context kernel samples lost due to no app info available: 0
Nr. user samples lost due to no app info available: 0
Nr. backtraces skipped due to no file mapping: 0
Nr. hypervisor samples dropped due to address out-of-range: 0
Nr. samples lost reported by perf_events kernel: 0

Profiling started at Tue Jul 16 00:36:46 2019
Profiling stopped at Tue Jul 16 00:36:46 2019

-- OProfile/operf Statistics --
Nr. non-backtrace samples: 1451
Nr. kernel samples: 17
Nr. user space samples: 1434
Nr. samples lost due to sample address not in expected range for domain: 0
Nr. lost kernel samples: 0
Nr. samples lost due to sample file open failure: 0
Nr. samples lost due to no permanent mapping: 0
Nr. user context kernel samples lost due to no app info available: 0
Nr. user samples lost due to no app info available: 0
Nr. backtraces skipped due to no file mapping: 0
Nr. hypervisor samples dropped due to address out-of-range: 0
Nr. samples lost reported by perf_events kernel: 0

Profiling started at Tue Jul 16 00:36:46 2019
Profiling stopped at Tue Jul 16 00:36:46 2019

-- OProfile/operf Statistics --
Nr. non-backtrace samples: 35
Nr. kernel samples: 15
Nr. user space samples: 20
Nr. samples lost due to sample address not in expected range for domain: 0
Nr. lost kernel samples: 0
Nr. samples lost due to sample file open failure: 0
Nr. samples lost due to no permanent mapping: 0
Nr. user context kernel samples lost due to no app info available: 0
Nr. user samples lost due to no app info available: 0
Nr. backtraces skipped due to no file mapping: 0
Nr. hypervisor samples dropped due to address out-of-range: 0
Nr. samples lost reported by perf_events kernel: 0

Profiling started at Tue Jul 16 00:36:46 2019
Profiling stopped at Tue Jul 16 00:36:46 2019

-- OProfile/operf Statistics --
Nr. non-backtrace samples: 1761
Nr. kernel samples: 16
Nr. user space samples: 1745
Nr. samples lost due to sample address not in expected range for domain: 0
Nr. lost kernel samples: 0
Nr. samples lost due to sample file open failure: 0
Nr. samples lost due to no permanent mapping: 0
Nr. user context kernel samples lost due to no app info available: 0
Nr. user samples lost due to no app info available: 0
Nr. backtraces skipped due to no file mapping: 0
Nr. hypervisor samples dropped due to address out-of-range: 0
Nr. samples lost reported by perf_events kernel: 0

Profiling started at Tue Jul 16 00:36:46 2019
Profiling stopped at Tue Jul 16 00:36:46 2019

-- OProfile/operf Statistics --
Nr. non-backtrace samples: 2183
Nr. kernel samples: 14
Nr. user space samples: 2169
Nr. samples lost due to sample address not in expected range for domain: 0
Nr. lost kernel samples: 0
Nr. samples lost due to sample file open failure: 0
Nr. samples lost due to no permanent mapping: 0
Nr. user context kernel samples lost due to no app info available: 0
Nr. user samples lost due to no app info available: 0
Nr. backtraces skipped due to no file mapping: 0
Nr. hypervisor samples dropped due to address out-of-range: 0
Nr. samples lost reported by perf_events kernel: 0

Profiling started at Tue Jul 16 00:36:46 2019
Profiling stopped at Tue Jul 16 00:36:47 2019

-- OProfile/operf Statistics --
Nr. non-backtrace samples: 2668
Nr. kernel samples: 15
Nr. user space samples: 2653
Nr. samples lost due to sample address not in expected range for domain: 0
Nr. lost kernel samples: 0
Nr. samples lost due to sample file open failure: 0
Nr. samples lost due to no permanent mapping: 0
Nr. user context kernel samples lost due to no app info available: 0
Nr. user samples lost due to no app info available: 0
Nr. backtraces skipped due to no file mapping: 0
Nr. hypervisor samples dropped due to address out-of-range: 0
Nr. samples lost reported by perf_events kernel: 0

Profiling started at Tue Jul 16 00:37:14 2019
Profiling stopped at Tue Jul 16 00:37:14 2019

-- OProfile/operf Statistics --
Nr. non-backtrace samples: 3223
Nr. kernel samples: 11
Nr. user space samples: 3212
Nr. samples lost due to sample address not in expected range for domain: 0
Nr. lost kernel samples: 0
Nr. samples lost due to sample file open failure: 0
Nr. samples lost due to no permanent mapping: 0
Nr. user context kernel samples lost due to no app info available: 0
Nr. user samples lost due to no app info available: 0
Nr. backtraces skipped due to no file mapping: 0
Nr. hypervisor samples dropped due to address out-of-range: 0
Nr. samples lost reported by perf_events kernel: 0

Profiling started at Tue Jul 16 00:37:14 2019
Profiling stopped at Tue Jul 16 00:37:14 2019

-- OProfile/operf Statistics --
Nr. non-backtrace samples: 166
Nr. kernel samples: 13
Nr. user space samples: 153
Nr. samples lost due to sample address not in expected range for domain: 0
Nr. lost kernel samples: 0
Nr. samples lost due to sample file open failure: 0
Nr. samples lost due to no permanent mapping: 0
Nr. user context kernel samples lost due to no app info available: 0
Nr. user samples lost due to no app info available: 0
Nr. backtraces skipped due to no file mapping: 0
Nr. hypervisor samples dropped due to address out-of-range: 0
Nr. samples lost reported by perf_events kernel: 0

Profiling started at Tue Jul 16 00:37:14 2019
Profiling stopped at Tue Jul 16 00:37:14 2019

-- OProfile/operf Statistics --
Nr. non-backtrace samples: 432
Nr. kernel samples: 17
Nr. user space samples: 415
Nr. samples lost due to sample address not in expected range for domain: 0
Nr. lost kernel samples: 0
Nr. samples lost due to sample file open failure: 0
Nr. samples lost due to no permanent mapping: 1
Nr. user context kernel samples lost due to no app info available: 0
Nr. user samples lost due to no app info available: 0
Nr. backtraces skipped due to no file mapping: 0
Nr. hypervisor samples dropped due to address out-of-range: 0
Nr. samples lost reported by perf_events kernel: 0

Profiling started at Tue Jul 16 00:37:14 2019
Profiling stopped at Tue Jul 16 00:37:14 2019

-- OProfile/operf Statistics --
Nr. non-backtrace samples: 25
Nr. kernel samples: 11
Nr. user space samples: 14
Nr. samples lost due to sample address not in expected range for domain: 0
Nr. lost kernel samples: 0
Nr. samples lost due to sample file open failure: 0
Nr. samples lost due to no permanent mapping: 0
Nr. user context kernel samples lost due to no app info available: 0
Nr. user samples lost due to no app info available: 0
Nr. backtraces skipped due to no file mapping: 0
Nr. hypervisor samples dropped due to address out-of-range: 0
Nr. samples lost reported by perf_events kernel: 0

Profiling started at Tue Jul 16 00:37:14 2019
Profiling stopped at Tue Jul 16 00:37:14 2019

-- OProfile/operf Statistics --
Nr. non-backtrace samples: 28
Nr. kernel samples: 13
Nr. user space samples: 15
Nr. samples lost due to sample address not in expected range for domain: 0
Nr. lost kernel samples: 0
Nr. samples lost due to sample file open failure: 0
Nr. samples lost due to no permanent mapping: 1
Nr. user context kernel samples lost due to no app info available: 0
Nr. user samples lost due to no app info available: 0
Nr. backtraces skipped due to no file mapping: 0
Nr. hypervisor samples dropped due to address out-of-range: 0
Nr. samples lost reported by perf_events kernel: 0

Profiling started at Tue Jul 16 00:37:15 2019
Profiling stopped at Tue Jul 16 00:37:15 2019

-- OProfile/operf Statistics --
Nr. non-backtrace samples: 1454
Nr. kernel samples: 17
Nr. user space samples: 1437
Nr. samples lost due to sample address not in expected range for domain: 0
Nr. lost kernel samples: 0
Nr. samples lost due to sample file open failure: 0
Nr. samples lost due to no permanent mapping: 0
Nr. user context kernel samples lost due to no app info available: 0
Nr. user samples lost due to no app info available: 0
Nr. backtraces skipped due to no file mapping: 0
Nr. hypervisor samples dropped due to address out-of-range: 0
Nr. samples lost reported by perf_events kernel: 0

Profiling started at Tue Jul 16 00:37:15 2019
Profiling stopped at Tue Jul 16 00:37:15 2019

-- OProfile/operf Statistics --
Nr. non-backtrace samples: 33
Nr. kernel samples: 9
Nr. user space samples: 24
Nr. samples lost due to sample address not in expected range for domain: 0
Nr. lost kernel samples: 0
Nr. samples lost due to sample file open failure: 0
Nr. samples lost due to no permanent mapping: 0
Nr. user context kernel samples lost due to no app info available: 0
Nr. user samples lost due to no app info available: 0
Nr. backtraces skipped due to no file mapping: 0
Nr. hypervisor samples dropped due to address out-of-range: 0
Nr. samples lost reported by perf_events kernel: 0

Profiling started at Tue Jul 16 00:37:15 2019
Profiling stopped at Tue Jul 16 00:37:15 2019

-- OProfile/operf Statistics --
Nr. non-backtrace samples: 1740
Nr. kernel samples: 15
Nr. user space samples: 1725
Nr. samples lost due to sample address not in expected range for domain: 0
Nr. lost kernel samples: 0
Nr. samples lost due to sample file open failure: 0
Nr. samples lost due to no permanent mapping: 0
Nr. user context kernel samples lost due to no app info available: 0
Nr. user samples lost due to no app info available: 0
Nr. backtraces skipped due to no file mapping: 0
Nr. hypervisor samples dropped due to address out-of-range: 0
Nr. samples lost reported by perf_events kernel: 0

Profiling started at Tue Jul 16 00:37:15 2019
Profiling stopped at Tue Jul 16 00:37:15 2019

-- OProfile/operf Statistics --
Nr. non-backtrace samples: 2181
Nr. kernel samples: 15
Nr. user space samples: 2166
Nr. samples lost due to sample address not in expected range for domain: 0
Nr. lost kernel samples: 0
Nr. samples lost due to sample file open failure: 0
Nr. samples lost due to no permanent mapping: 0
Nr. user context kernel samples lost due to no app info available: 0
Nr. user samples lost due to no app info available: 0
Nr. backtraces skipped due to no file mapping: 0
Nr. hypervisor samples dropped due to address out-of-range: 0
Nr. samples lost reported by perf_events kernel: 0

Profiling started at Tue Jul 16 00:37:15 2019
Profiling stopped at Tue Jul 16 00:37:15 2019

-- OProfile/operf Statistics --
Nr. non-backtrace samples: 2673
Nr. kernel samples: 17
Nr. user space samples: 2656
Nr. samples lost due to sample address not in expected range for domain: 0
Nr. lost kernel samples: 0
Nr. samples lost due to sample file open failure: 0
Nr. samples lost due to no permanent mapping: 0
Nr. user context kernel samples lost due to no app info available: 0
Nr. user samples lost due to no app info available: 0
Nr. backtraces skipped due to no file mapping: 0
Nr. hypervisor samples dropped due to address out-of-range: 0
Nr. samples lost reported by perf_events kernel: 0

Profiling started at Tue Jul 16 00:38:43 2019
Profiling stopped at Tue Jul 16 00:38:43 2019

-- OProfile/operf Statistics --
Nr. non-backtrace samples: 16
Nr. kernel samples: 12
Nr. user space samples: 4
Nr. samples lost due to sample address not in expected range for domain: 0
Nr. lost kernel samples: 0
Nr. samples lost due to sample file open failure: 0
Nr. samples lost due to no permanent mapping: 0
Nr. user context kernel samples lost due to no app info available: 0
Nr. user samples lost due to no app info available: 0
Nr. backtraces skipped due to no file mapping: 0
Nr. hypervisor samples dropped due to address out-of-range: 0
Nr. samples lost reported by perf_events kernel: 0

Profiling started at Tue Jul 16 00:38:43 2019
Profiling stopped at Tue Jul 16 00:38:43 2019

-- OProfile/operf Statistics --
Nr. non-backtrace samples: 13
Nr. kernel samples: 9
Nr. user space samples: 4
Nr. samples lost due to sample address not in expected range for domain: 0
Nr. lost kernel samples: 0
Nr. samples lost due to sample file open failure: 0
Nr. samples lost due to no permanent mapping: 0
Nr. user context kernel samples lost due to no app info available: 0
Nr. user samples lost due to no app info available: 0
Nr. backtraces skipped due to no file mapping: 0
Nr. hypervisor samples dropped due to address out-of-range: 0
Nr. samples lost reported by perf_events kernel: 0

Profiling started at Tue Jul 16 00:38:43 2019
Profiling stopped at Tue Jul 16 00:38:43 2019

-- OProfile/operf Statistics --
Nr. non-backtrace samples: 14
Nr. kernel samples: 10
Nr. user space samples: 4
Nr. samples lost due to sample address not in expected range for domain: 0
Nr. lost kernel samples: 0
Nr. samples lost due to sample file open failure: 0
Nr. samples lost due to no permanent mapping: 0
Nr. user context kernel samples lost due to no app info available: 0
Nr. user samples lost due to no app info available: 0
Nr. backtraces skipped due to no file mapping: 0
Nr. hypervisor samples dropped due to address out-of-range: 0
Nr. samples lost reported by perf_events kernel: 0

Profiling started at Tue Jul 16 00:38:43 2019
Profiling stopped at Tue Jul 16 00:38:44 2019

-- OProfile/operf Statistics --
Nr. non-backtrace samples: 13
Nr. kernel samples: 11
Nr. user space samples: 2
Nr. samples lost due to sample address not in expected range for domain: 0
Nr. lost kernel samples: 0
Nr. samples lost due to sample file open failure: 0
Nr. samples lost due to no permanent mapping: 0
Nr. user context kernel samples lost due to no app info available: 0
Nr. user samples lost due to no app info available: 0
Nr. backtraces skipped due to no file mapping: 0
Nr. hypervisor samples dropped due to address out-of-range: 0
Nr. samples lost reported by perf_events kernel: 0

Profiling started at Tue Jul 16 00:38:44 2019
Profiling stopped at Tue Jul 16 00:38:44 2019

-- OProfile/operf Statistics --
Nr. non-backtrace samples: 13
Nr. kernel samples: 11
Nr. user space samples: 2
Nr. samples lost due to sample address not in expected range for domain: 0
Nr. lost kernel samples: 0
Nr. samples lost due to sample file open failure: 0
Nr. samples lost due to no permanent mapping: 0
Nr. user context kernel samples lost due to no app info available: 0
Nr. user samples lost due to no app info available: 0
Nr. backtraces skipped due to no file mapping: 0
Nr. hypervisor samples dropped due to address out-of-range: 0
Nr. samples lost reported by perf_events kernel: 0

Profiling started at Tue Jul 16 00:38:44 2019
Profiling stopped at Tue Jul 16 00:38:44 2019

-- OProfile/operf Statistics --
Nr. non-backtrace samples: 12
Nr. kernel samples: 8
Nr. user space samples: 4
Nr. samples lost due to sample address not in expected range for domain: 0
Nr. lost kernel samples: 0
Nr. samples lost due to sample file open failure: 0
Nr. samples lost due to no permanent mapping: 1
Nr. user context kernel samples lost due to no app info available: 0
Nr. user samples lost due to no app info available: 0
Nr. backtraces skipped due to no file mapping: 0
Nr. hypervisor samples dropped due to address out-of-range: 0
Nr. samples lost reported by perf_events kernel: 0

Profiling started at Tue Jul 16 00:38:44 2019
Profiling stopped at Tue Jul 16 00:38:44 2019

-- OProfile/operf Statistics --
Nr. non-backtrace samples: 17
Nr. kernel samples: 13
Nr. user space samples: 4
Nr. samples lost due to sample address not in expected range for domain: 0
Nr. lost kernel samples: 0
Nr. samples lost due to sample file open failure: 0
Nr. samples lost due to no permanent mapping: 0
Nr. user context kernel samples lost due to no app info available: 0
Nr. user samples lost due to no app info available: 0
Nr. backtraces skipped due to no file mapping: 0
Nr. hypervisor samples dropped due to address out-of-range: 0
Nr. samples lost reported by perf_events kernel: 0

Profiling started at Tue Jul 16 00:38:44 2019
Profiling stopped at Tue Jul 16 00:38:44 2019

-- OProfile/operf Statistics --
Nr. non-backtrace samples: 12
Nr. kernel samples: 8
Nr. user space samples: 4
Nr. samples lost due to sample address not in expected range for domain: 0
Nr. lost kernel samples: 0
Nr. samples lost due to sample file open failure: 0
Nr. samples lost due to no permanent mapping: 0
Nr. user context kernel samples lost due to no app info available: 0
Nr. user samples lost due to no app info available: 0
Nr. backtraces skipped due to no file mapping: 0
Nr. hypervisor samples dropped due to address out-of-range: 0
Nr. samples lost reported by perf_events kernel: 0

Profiling started at Tue Jul 16 00:38:44 2019
Profiling stopped at Tue Jul 16 00:38:45 2019

-- OProfile/operf Statistics --
Nr. non-backtrace samples: 16
Nr. kernel samples: 15
Nr. user space samples: 1
Nr. samples lost due to sample address not in expected range for domain: 0
Nr. lost kernel samples: 0
Nr. samples lost due to sample file open failure: 0
Nr. samples lost due to no permanent mapping: 0
Nr. user context kernel samples lost due to no app info available: 0
Nr. user samples lost due to no app info available: 0
Nr. backtraces skipped due to no file mapping: 0
Nr. hypervisor samples dropped due to address out-of-range: 0
Nr. samples lost reported by perf_events kernel: 0

Profiling started at Tue Jul 16 00:38:58 2019
Profiling stopped at Tue Jul 16 00:38:58 2019

-- OProfile/operf Statistics --
Nr. non-backtrace samples: 15
Nr. kernel samples: 12
Nr. user space samples: 3
Nr. samples lost due to sample address not in expected range for domain: 0
Nr. lost kernel samples: 0
Nr. samples lost due to sample file open failure: 0
Nr. samples lost due to no permanent mapping: 0
Nr. user context kernel samples lost due to no app info available: 0
Nr. user samples lost due to no app info available: 0
Nr. backtraces skipped due to no file mapping: 0
Nr. hypervisor samples dropped due to address out-of-range: 0
Nr. samples lost reported by perf_events kernel: 0

Profiling started at Tue Jul 16 00:38:58 2019
Profiling stopped at Tue Jul 16 00:38:58 2019

-- OProfile/operf Statistics --
Nr. non-backtrace samples: 14
Nr. kernel samples: 10
Nr. user space samples: 4
Nr. samples lost due to sample address not in expected range for domain: 0
Nr. lost kernel samples: 0
Nr. samples lost due to sample file open failure: 0
Nr. samples lost due to no permanent mapping: 0
Nr. user context kernel samples lost due to no app info available: 0
Nr. user samples lost due to no app info available: 0
Nr. backtraces skipped due to no file mapping: 0
Nr. hypervisor samples dropped due to address out-of-range: 0
Nr. samples lost reported by perf_events kernel: 0

Profiling started at Tue Jul 16 00:38:58 2019
Profiling stopped at Tue Jul 16 00:38:58 2019

-- OProfile/operf Statistics --
Nr. non-backtrace samples: 16
Nr. kernel samples: 12
Nr. user space samples: 4
Nr. samples lost due to sample address not in expected range for domain: 0
Nr. lost kernel samples: 0
Nr. samples lost due to sample file open failure: 0
Nr. samples lost due to no permanent mapping: 0
Nr. user context kernel samples lost due to no app info available: 0
Nr. user samples lost due to no app info available: 0
Nr. backtraces skipped due to no file mapping: 0
Nr. hypervisor samples dropped due to address out-of-range: 0
Nr. samples lost reported by perf_events kernel: 0

Profiling started at Tue Jul 16 00:38:58 2019
Profiling stopped at Tue Jul 16 00:38:58 2019

-- OProfile/operf Statistics --
Nr. non-backtrace samples: 12
Nr. kernel samples: 10
Nr. user space samples: 2
Nr. samples lost due to sample address not in expected range for domain: 0
Nr. lost kernel samples: 0
Nr. samples lost due to sample file open failure: 0
Nr. samples lost due to no permanent mapping: 0
Nr. user context kernel samples lost due to no app info available: 0
Nr. user samples lost due to no app info available: 0
Nr. backtraces skipped due to no file mapping: 0
Nr. hypervisor samples dropped due to address out-of-range: 0
Nr. samples lost reported by perf_events kernel: 0

Profiling started at Tue Jul 16 00:38:59 2019
Profiling stopped at Tue Jul 16 00:38:59 2019

-- OProfile/operf Statistics --
Nr. non-backtrace samples: 13
Nr. kernel samples: 10
Nr. user space samples: 3
Nr. samples lost due to sample address not in expected range for domain: 0
Nr. lost kernel samples: 0
Nr. samples lost due to sample file open failure: 0
Nr. samples lost due to no permanent mapping: 1
Nr. user context kernel samples lost due to no app info available: 0
Nr. user samples lost due to no app info available: 0
Nr. backtraces skipped due to no file mapping: 0
Nr. hypervisor samples dropped due to address out-of-range: 0
Nr. samples lost reported by perf_events kernel: 0

Profiling started at Tue Jul 16 00:38:59 2019
Profiling stopped at Tue Jul 16 00:38:59 2019

-- OProfile/operf Statistics --
Nr. non-backtrace samples: 15
Nr. kernel samples: 10
Nr. user space samples: 5
Nr. samples lost due to sample address not in expected range for domain: 0
Nr. lost kernel samples: 0
Nr. samples lost due to sample file open failure: 0
Nr. samples lost due to no permanent mapping: 1
Nr. user context kernel samples lost due to no app info available: 0
Nr. user samples lost due to no app info available: 0
Nr. backtraces skipped due to no file mapping: 0
Nr. hypervisor samples dropped due to address out-of-range: 0
Nr. samples lost reported by perf_events kernel: 0

Profiling started at Tue Jul 16 00:38:59 2019
Profiling stopped at Tue Jul 16 00:38:59 2019

-- OProfile/operf Statistics --
Nr. non-backtrace samples: 17
Nr. kernel samples: 13
Nr. user space samples: 4
Nr. samples lost due to sample address not in expected range for domain: 0
Nr. lost kernel samples: 0
Nr. samples lost due to sample file open failure: 0
Nr. samples lost due to no permanent mapping: 0
Nr. user context kernel samples lost due to no app info available: 0
Nr. user samples lost due to no app info available: 0
Nr. backtraces skipped due to no file mapping: 0
Nr. hypervisor samples dropped due to address out-of-range: 0
Nr. samples lost reported by perf_events kernel: 0

Profiling started at Tue Jul 16 00:38:59 2019
Profiling stopped at Tue Jul 16 00:38:59 2019

-- OProfile/operf Statistics --
Nr. non-backtrace samples: 13
Nr. kernel samples: 11
Nr. user space samples: 2
Nr. samples lost due to sample address not in expected range for domain: 0
Nr. lost kernel samples: 0
Nr. samples lost due to sample file open failure: 0
Nr. samples lost due to no permanent mapping: 0
Nr. user context kernel samples lost due to no app info available: 0
Nr. user samples lost due to no app info available: 0
Nr. backtraces skipped due to no file mapping: 0
Nr. hypervisor samples dropped due to address out-of-range: 0
Nr. samples lost reported by perf_events kernel: 0

Profiling started at Tue Jul 16 00:38:59 2019
Profiling stopped at Tue Jul 16 00:38:59 2019

-- OProfile/operf Statistics --
Nr. non-backtrace samples: 14
Nr. kernel samples: 9
Nr. user space samples: 5
Nr. samples lost due to sample address not in expected range for domain: 0
Nr. lost kernel samples: 0
Nr. samples lost due to sample file open failure: 0
Nr. samples lost due to no permanent mapping: 0
Nr. user context kernel samples lost due to no app info available: 0
Nr. user samples lost due to no app info available: 0
Nr. backtraces skipped due to no file mapping: 0
Nr. hypervisor samples dropped due to address out-of-range: 0
Nr. samples lost reported by perf_events kernel: 0

Profiling started at Tue Jul 16 00:39:42 2019
Profiling stopped at Tue Jul 16 00:39:42 2019

-- OProfile/operf Statistics --
Nr. non-backtrace samples: 17
Nr. kernel samples: 14
Nr. user space samples: 3
Nr. samples lost due to sample address not in expected range for domain: 0
Nr. lost kernel samples: 0
Nr. samples lost due to sample file open failure: 0
Nr. samples lost due to no permanent mapping: 0
Nr. user context kernel samples lost due to no app info available: 0
Nr. user samples lost due to no app info available: 0
Nr. backtraces skipped due to no file mapping: 0
Nr. hypervisor samples dropped due to address out-of-range: 0
Nr. samples lost reported by perf_events kernel: 0

Profiling started at Tue Jul 16 00:39:42 2019
Profiling stopped at Tue Jul 16 00:39:42 2019

-- OProfile/operf Statistics --
Nr. non-backtrace samples: 13
Nr. kernel samples: 11
Nr. user space samples: 2
Nr. samples lost due to sample address not in expected range for domain: 0
Nr. lost kernel samples: 0
Nr. samples lost due to sample file open failure: 0
Nr. samples lost due to no permanent mapping: 0
Nr. user context kernel samples lost due to no app info available: 0
Nr. user samples lost due to no app info available: 0
Nr. backtraces skipped due to no file mapping: 0
Nr. hypervisor samples dropped due to address out-of-range: 0
Nr. samples lost reported by perf_events kernel: 0

Profiling started at Tue Jul 16 00:39:42 2019
Profiling stopped at Tue Jul 16 00:39:42 2019

-- OProfile/operf Statistics --
Nr. non-backtrace samples: 14
Nr. kernel samples: 10
Nr. user space samples: 4
Nr. samples lost due to sample address not in expected range for domain: 0
Nr. lost kernel samples: 0
Nr. samples lost due to sample file open failure: 0
Nr. samples lost due to no permanent mapping: 0
Nr. user context kernel samples lost due to no app info available: 0
Nr. user samples lost due to no app info available: 0
Nr. backtraces skipped due to no file mapping: 0
Nr. hypervisor samples dropped due to address out-of-range: 0
Nr. samples lost reported by perf_events kernel: 0

Profiling started at Tue Jul 16 00:39:42 2019
Profiling stopped at Tue Jul 16 00:39:43 2019

-- OProfile/operf Statistics --
Nr. non-backtrace samples: 13
Nr. kernel samples: 11
Nr. user space samples: 2
Nr. samples lost due to sample address not in expected range for domain: 0
Nr. lost kernel samples: 0
Nr. samples lost due to sample file open failure: 0
Nr. samples lost due to no permanent mapping: 0
Nr. user context kernel samples lost due to no app info available: 0
Nr. user samples lost due to no app info available: 0
Nr. backtraces skipped due to no file mapping: 0
Nr. hypervisor samples dropped due to address out-of-range: 0
Nr. samples lost reported by perf_events kernel: 0

Profiling started at Tue Jul 16 00:39:43 2019
Profiling stopped at Tue Jul 16 00:39:43 2019

-- OProfile/operf Statistics --
Nr. non-backtrace samples: 15
Nr. kernel samples: 13
Nr. user space samples: 2
Nr. samples lost due to sample address not in expected range for domain: 0
Nr. lost kernel samples: 0
Nr. samples lost due to sample file open failure: 0
Nr. samples lost due to no permanent mapping: 0
Nr. user context kernel samples lost due to no app info available: 0
Nr. user samples lost due to no app info available: 0
Nr. backtraces skipped due to no file mapping: 0
Nr. hypervisor samples dropped due to address out-of-range: 0
Nr. samples lost reported by perf_events kernel: 0

Profiling started at Tue Jul 16 00:39:43 2019
Profiling stopped at Tue Jul 16 00:39:43 2019

-- OProfile/operf Statistics --
Nr. non-backtrace samples: 13
Nr. kernel samples: 11
Nr. user space samples: 2
Nr. samples lost due to sample address not in expected range for domain: 0
Nr. lost kernel samples: 0
Nr. samples lost due to sample file open failure: 0
Nr. samples lost due to no permanent mapping: 0
Nr. user context kernel samples lost due to no app info available: 0
Nr. user samples lost due to no app info available: 0
Nr. backtraces skipped due to no file mapping: 0
Nr. hypervisor samples dropped due to address out-of-range: 0
Nr. samples lost reported by perf_events kernel: 0

Profiling started at Tue Jul 16 00:39:43 2019
Profiling stopped at Tue Jul 16 00:39:43 2019

-- OProfile/operf Statistics --
Nr. non-backtrace samples: 14
Nr. kernel samples: 11
Nr. user space samples: 3
Nr. samples lost due to sample address not in expected range for domain: 0
Nr. lost kernel samples: 0
Nr. samples lost due to sample file open failure: 0
Nr. samples lost due to no permanent mapping: 0
Nr. user context kernel samples lost due to no app info available: 0
Nr. user samples lost due to no app info available: 0
Nr. backtraces skipped due to no file mapping: 0
Nr. hypervisor samples dropped due to address out-of-range: 0
Nr. samples lost reported by perf_events kernel: 0

Profiling started at Tue Jul 16 00:39:43 2019
Profiling stopped at Tue Jul 16 00:39:43 2019

-- OProfile/operf Statistics --
Nr. non-backtrace samples: 15
Nr. kernel samples: 12
Nr. user space samples: 3
Nr. samples lost due to sample address not in expected range for domain: 0
Nr. lost kernel samples: 0
Nr. samples lost due to sample file open failure: 0
Nr. samples lost due to no permanent mapping: 0
Nr. user context kernel samples lost due to no app info available: 0
Nr. user samples lost due to no app info available: 0
Nr. backtraces skipped due to no file mapping: 0
Nr. hypervisor samples dropped due to address out-of-range: 0
Nr. samples lost reported by perf_events kernel: 0

Profiling started at Tue Jul 16 00:39:43 2019
Profiling stopped at Tue Jul 16 00:39:44 2019

-- OProfile/operf Statistics --
Nr. non-backtrace samples: 13
Nr. kernel samples: 11
Nr. user space samples: 2
Nr. samples lost due to sample address not in expected range for domain: 0
Nr. lost kernel samples: 0
Nr. samples lost due to sample file open failure: 0
Nr. samples lost due to no permanent mapping: 0
Nr. user context kernel samples lost due to no app info available: 0
Nr. user samples lost due to no app info available: 0
Nr. backtraces skipped due to no file mapping: 0
Nr. hypervisor samples dropped due to address out-of-range: 0
Nr. samples lost reported by perf_events kernel: 0

Profiling started at Tue Jul 16 00:39:44 2019
Profiling stopped at Tue Jul 16 00:39:44 2019

-- OProfile/operf Statistics --
Nr. non-backtrace samples: 13
Nr. kernel samples: 10
Nr. user space samples: 3
Nr. samples lost due to sample address not in expected range for domain: 0
Nr. lost kernel samples: 0
Nr. samples lost due to sample file open failure: 0
Nr. samples lost due to no permanent mapping: 0
Nr. user context kernel samples lost due to no app info available: 0
Nr. user samples lost due to no app info available: 0
Nr. backtraces skipped due to no file mapping: 0
Nr. hypervisor samples dropped due to address out-of-range: 0
Nr. samples lost reported by perf_events kernel: 0

Profiling started at Tue Jul 16 00:40:24 2019
Profiling stopped at Tue Jul 16 00:40:24 2019

-- OProfile/operf Statistics --
Nr. non-backtrace samples: 13
Nr. kernel samples: 11
Nr. user space samples: 2
Nr. samples lost due to sample address not in expected range for domain: 0
Nr. lost kernel samples: 0
Nr. samples lost due to sample file open failure: 0
Nr. samples lost due to no permanent mapping: 1
Nr. user context kernel samples lost due to no app info available: 0
Nr. user samples lost due to no app info available: 0
Nr. backtraces skipped due to no file mapping: 0
Nr. hypervisor samples dropped due to address out-of-range: 0
Nr. samples lost reported by perf_events kernel: 0

Profiling started at Tue Jul 16 00:40:24 2019
Profiling stopped at Tue Jul 16 00:40:24 2019

-- OProfile/operf Statistics --
Nr. non-backtrace samples: 13
Nr. kernel samples: 11
Nr. user space samples: 2
Nr. samples lost due to sample address not in expected range for domain: 0
Nr. lost kernel samples: 0
Nr. samples lost due to sample file open failure: 0
Nr. samples lost due to no permanent mapping: 0
Nr. user context kernel samples lost due to no app info available: 0
Nr. user samples lost due to no app info available: 0
Nr. backtraces skipped due to no file mapping: 0
Nr. hypervisor samples dropped due to address out-of-range: 0
Nr. samples lost reported by perf_events kernel: 0

Profiling started at Tue Jul 16 00:40:24 2019
Profiling stopped at Tue Jul 16 00:40:24 2019

-- OProfile/operf Statistics --
Nr. non-backtrace samples: 14
Nr. kernel samples: 12
Nr. user space samples: 2
Nr. samples lost due to sample address not in expected range for domain: 0
Nr. lost kernel samples: 0
Nr. samples lost due to sample file open failure: 0
Nr. samples lost due to no permanent mapping: 0
Nr. user context kernel samples lost due to no app info available: 0
Nr. user samples lost due to no app info available: 0
Nr. backtraces skipped due to no file mapping: 0
Nr. hypervisor samples dropped due to address out-of-range: 0
Nr. samples lost reported by perf_events kernel: 0

Profiling started at Tue Jul 16 00:40:24 2019
Profiling stopped at Tue Jul 16 00:40:24 2019

-- OProfile/operf Statistics --
Nr. non-backtrace samples: 15
Nr. kernel samples: 12
Nr. user space samples: 3
Nr. samples lost due to sample address not in expected range for domain: 0
Nr. lost kernel samples: 0
Nr. samples lost due to sample file open failure: 0
Nr. samples lost due to no permanent mapping: 0
Nr. user context kernel samples lost due to no app info available: 0
Nr. user samples lost due to no app info available: 0
Nr. backtraces skipped due to no file mapping: 0
Nr. hypervisor samples dropped due to address out-of-range: 0
Nr. samples lost reported by perf_events kernel: 0

Profiling started at Tue Jul 16 00:40:24 2019
Profiling stopped at Tue Jul 16 00:40:25 2019

-- OProfile/operf Statistics --
Nr. non-backtrace samples: 15
Nr. kernel samples: 12
Nr. user space samples: 3
Nr. samples lost due to sample address not in expected range for domain: 0
Nr. lost kernel samples: 0
Nr. samples lost due to sample file open failure: 0
Nr. samples lost due to no permanent mapping: 0
Nr. user context kernel samples lost due to no app info available: 0
Nr. user samples lost due to no app info available: 0
Nr. backtraces skipped due to no file mapping: 0
Nr. hypervisor samples dropped due to address out-of-range: 0
Nr. samples lost reported by perf_events kernel: 0

Profiling started at Tue Jul 16 00:40:25 2019
Profiling stopped at Tue Jul 16 00:40:25 2019

-- OProfile/operf Statistics --
Nr. non-backtrace samples: 15
Nr. kernel samples: 12
Nr. user space samples: 3
Nr. samples lost due to sample address not in expected range for domain: 0
Nr. lost kernel samples: 0
Nr. samples lost due to sample file open failure: 0
Nr. samples lost due to no permanent mapping: 0
Nr. user context kernel samples lost due to no app info available: 0
Nr. user samples lost due to no app info available: 0
Nr. backtraces skipped due to no file mapping: 0
Nr. hypervisor samples dropped due to address out-of-range: 0
Nr. samples lost reported by perf_events kernel: 0

Profiling started at Tue Jul 16 00:40:25 2019
Profiling stopped at Tue Jul 16 00:40:25 2019

-- OProfile/operf Statistics --
Nr. non-backtrace samples: 13
Nr. kernel samples: 10
Nr. user space samples: 3
Nr. samples lost due to sample address not in expected range for domain: 0
Nr. lost kernel samples: 0
Nr. samples lost due to sample file open failure: 0
Nr. samples lost due to no permanent mapping: 0
Nr. user context kernel samples lost due to no app info available: 0
Nr. user samples lost due to no app info available: 0
Nr. backtraces skipped due to no file mapping: 0
Nr. hypervisor samples dropped due to address out-of-range: 0
Nr. samples lost reported by perf_events kernel: 0

Profiling started at Tue Jul 16 00:40:25 2019
Profiling stopped at Tue Jul 16 00:40:25 2019

-- OProfile/operf Statistics --
Nr. non-backtrace samples: 14
Nr. kernel samples: 12
Nr. user space samples: 2
Nr. samples lost due to sample address not in expected range for domain: 0
Nr. lost kernel samples: 0
Nr. samples lost due to sample file open failure: 0
Nr. samples lost due to no permanent mapping: 1
Nr. user context kernel samples lost due to no app info available: 0
Nr. user samples lost due to no app info available: 0
Nr. backtraces skipped due to no file mapping: 0
Nr. hypervisor samples dropped due to address out-of-range: 0
Nr. samples lost reported by perf_events kernel: 0

Profiling started at Tue Jul 16 00:40:25 2019
Profiling stopped at Tue Jul 16 00:40:25 2019

-- OProfile/operf Statistics --
Nr. non-backtrace samples: 15
Nr. kernel samples: 12
Nr. user space samples: 3
Nr. samples lost due to sample address not in expected range for domain: 0
Nr. lost kernel samples: 0
Nr. samples lost due to sample file open failure: 0
Nr. samples lost due to no permanent mapping: 0
Nr. user context kernel samples lost due to no app info available: 0
Nr. user samples lost due to no app info available: 0
Nr. backtraces skipped due to no file mapping: 0
Nr. hypervisor samples dropped due to address out-of-range: 0
Nr. samples lost reported by perf_events kernel: 0

Profiling started at Tue Jul 16 00:40:25 2019
Profiling stopped at Tue Jul 16 00:40:26 2019

-- OProfile/operf Statistics --
Nr. non-backtrace samples: 14
Nr. kernel samples: 10
Nr. user space samples: 4
Nr. samples lost due to sample address not in expected range for domain: 0
Nr. lost kernel samples: 0
Nr. samples lost due to sample file open failure: 0
Nr. samples lost due to no permanent mapping: 0
Nr. user context kernel samples lost due to no app info available: 0
Nr. user samples lost due to no app info available: 0
Nr. backtraces skipped due to no file mapping: 0
Nr. hypervisor samples dropped due to address out-of-range: 0
Nr. samples lost reported by perf_events kernel: 0

Profiling started at Tue Jul 16 00:41:02 2019
Profiling stopped at Tue Jul 16 00:41:02 2019

-- OProfile/operf Statistics --
Nr. non-backtrace samples: 48
Nr. kernel samples: 10
Nr. user space samples: 38
Nr. samples lost due to sample address not in expected range for domain: 0
Nr. lost kernel samples: 0
Nr. samples lost due to sample file open failure: 0
Nr. samples lost due to no permanent mapping: 0
Nr. user context kernel samples lost due to no app info available: 0
Nr. user samples lost due to no app info available: 0
Nr. backtraces skipped due to no file mapping: 0
Nr. hypervisor samples dropped due to address out-of-range: 0
Nr. samples lost reported by perf_events kernel: 0

Profiling started at Tue Jul 16 00:41:02 2019
Profiling stopped at Tue Jul 16 00:41:02 2019

-- OProfile/operf Statistics --
Nr. non-backtrace samples: 15
Nr. kernel samples: 10
Nr. user space samples: 5
Nr. samples lost due to sample address not in expected range for domain: 0
Nr. lost kernel samples: 0
Nr. samples lost due to sample file open failure: 0
Nr. samples lost due to no permanent mapping: 0
Nr. user context kernel samples lost due to no app info available: 0
Nr. user samples lost due to no app info available: 0
Nr. backtraces skipped due to no file mapping: 0
Nr. hypervisor samples dropped due to address out-of-range: 0
Nr. samples lost reported by perf_events kernel: 0

Profiling started at Tue Jul 16 00:41:02 2019
Profiling stopped at Tue Jul 16 00:41:03 2019

-- OProfile/operf Statistics --
Nr. non-backtrace samples: 15
Nr. kernel samples: 10
Nr. user space samples: 5
Nr. samples lost due to sample address not in expected range for domain: 0
Nr. lost kernel samples: 0
Nr. samples lost due to sample file open failure: 0
Nr. samples lost due to no permanent mapping: 1
Nr. user context kernel samples lost due to no app info available: 0
Nr. user samples lost due to no app info available: 0
Nr. backtraces skipped due to no file mapping: 0
Nr. hypervisor samples dropped due to address out-of-range: 0
Nr. samples lost reported by perf_events kernel: 0

Profiling started at Tue Jul 16 00:41:03 2019
Profiling stopped at Tue Jul 16 00:41:03 2019

-- OProfile/operf Statistics --
Nr. non-backtrace samples: 16
Nr. kernel samples: 9
Nr. user space samples: 7
Nr. samples lost due to sample address not in expected range for domain: 0
Nr. lost kernel samples: 0
Nr. samples lost due to sample file open failure: 0
Nr. samples lost due to no permanent mapping: 0
Nr. user context kernel samples lost due to no app info available: 0
Nr. user samples lost due to no app info available: 0
Nr. backtraces skipped due to no file mapping: 0
Nr. hypervisor samples dropped due to address out-of-range: 0
Nr. samples lost reported by perf_events kernel: 0

Profiling started at Tue Jul 16 00:41:03 2019
Profiling stopped at Tue Jul 16 00:41:03 2019

-- OProfile/operf Statistics --
Nr. non-backtrace samples: 20
Nr. kernel samples: 12
Nr. user space samples: 8
Nr. samples lost due to sample address not in expected range for domain: 0
Nr. lost kernel samples: 0
Nr. samples lost due to sample file open failure: 0
Nr. samples lost due to no permanent mapping: 0
Nr. user context kernel samples lost due to no app info available: 0
Nr. user samples lost due to no app info available: 0
Nr. backtraces skipped due to no file mapping: 0
Nr. hypervisor samples dropped due to address out-of-range: 0
Nr. samples lost reported by perf_events kernel: 0

Profiling started at Tue Jul 16 00:41:03 2019
Profiling stopped at Tue Jul 16 00:41:03 2019

-- OProfile/operf Statistics --
Nr. non-backtrace samples: 24
Nr. kernel samples: 9
Nr. user space samples: 15
Nr. samples lost due to sample address not in expected range for domain: 0
Nr. lost kernel samples: 0
Nr. samples lost due to sample file open failure: 0
Nr. samples lost due to no permanent mapping: 0
Nr. user context kernel samples lost due to no app info available: 0
Nr. user samples lost due to no app info available: 0
Nr. backtraces skipped due to no file mapping: 0
Nr. hypervisor samples dropped due to address out-of-range: 0
Nr. samples lost reported by perf_events kernel: 0

Profiling started at Tue Jul 16 00:41:03 2019
Profiling stopped at Tue Jul 16 00:41:03 2019

-- OProfile/operf Statistics --
Nr. non-backtrace samples: 30
Nr. kernel samples: 13
Nr. user space samples: 17
Nr. samples lost due to sample address not in expected range for domain: 0
Nr. lost kernel samples: 0
Nr. samples lost due to sample file open failure: 0
Nr. samples lost due to no permanent mapping: 0
Nr. user context kernel samples lost due to no app info available: 0
Nr. user samples lost due to no app info available: 0
Nr. backtraces skipped due to no file mapping: 0
Nr. hypervisor samples dropped due to address out-of-range: 0
Nr. samples lost reported by perf_events kernel: 0

Profiling started at Tue Jul 16 00:41:03 2019
Profiling stopped at Tue Jul 16 00:41:04 2019

-- OProfile/operf Statistics --
Nr. non-backtrace samples: 35
Nr. kernel samples: 12
Nr. user space samples: 23
Nr. samples lost due to sample address not in expected range for domain: 0
Nr. lost kernel samples: 0
Nr. samples lost due to sample file open failure: 0
Nr. samples lost due to no permanent mapping: 0
Nr. user context kernel samples lost due to no app info available: 0
Nr. user samples lost due to no app info available: 0
Nr. backtraces skipped due to no file mapping: 0
Nr. hypervisor samples dropped due to address out-of-range: 0
Nr. samples lost reported by perf_events kernel: 0

Profiling started at Tue Jul 16 00:41:04 2019
Profiling stopped at Tue Jul 16 00:41:04 2019

-- OProfile/operf Statistics --
Nr. non-backtrace samples: 37
Nr. kernel samples: 11
Nr. user space samples: 26
Nr. samples lost due to sample address not in expected range for domain: 0
Nr. lost kernel samples: 0
Nr. samples lost due to sample file open failure: 0
Nr. samples lost due to no permanent mapping: 0
Nr. user context kernel samples lost due to no app info available: 0
Nr. user samples lost due to no app info available: 0
Nr. backtraces skipped due to no file mapping: 0
Nr. hypervisor samples dropped due to address out-of-range: 0
Nr. samples lost reported by perf_events kernel: 0

Profiling started at Tue Jul 16 00:41:04 2019
Profiling stopped at Tue Jul 16 00:41:04 2019

-- OProfile/operf Statistics --
Nr. non-backtrace samples: 41
Nr. kernel samples: 12
Nr. user space samples: 29
Nr. samples lost due to sample address not in expected range for domain: 0
Nr. lost kernel samples: 0
Nr. samples lost due to sample file open failure: 0
Nr. samples lost due to no permanent mapping: 0
Nr. user context kernel samples lost due to no app info available: 0
Nr. user samples lost due to no app info available: 0
Nr. backtraces skipped due to no file mapping: 0
Nr. hypervisor samples dropped due to address out-of-range: 0
Nr. samples lost reported by perf_events kernel: 0

Profiling started at Tue Jul 16 00:41:50 2019
Profiling stopped at Tue Jul 16 00:41:50 2019

-- OProfile/operf Statistics --
Nr. non-backtrace samples: 13
Nr. kernel samples: 8
Nr. user space samples: 5
Nr. samples lost due to sample address not in expected range for domain: 0
Nr. lost kernel samples: 0
Nr. samples lost due to sample file open failure: 0
Nr. samples lost due to no permanent mapping: 0
Nr. user context kernel samples lost due to no app info available: 0
Nr. user samples lost due to no app info available: 0
Nr. backtraces skipped due to no file mapping: 0
Nr. hypervisor samples dropped due to address out-of-range: 0
Nr. samples lost reported by perf_events kernel: 0

Profiling started at Tue Jul 16 00:41:50 2019
Profiling stopped at Tue Jul 16 00:41:50 2019

-- OProfile/operf Statistics --
Nr. non-backtrace samples: 14
Nr. kernel samples: 8
Nr. user space samples: 6
Nr. samples lost due to sample address not in expected range for domain: 0
Nr. lost kernel samples: 0
Nr. samples lost due to sample file open failure: 0
Nr. samples lost due to no permanent mapping: 0
Nr. user context kernel samples lost due to no app info available: 0
Nr. user samples lost due to no app info available: 0
Nr. backtraces skipped due to no file mapping: 0
Nr. hypervisor samples dropped due to address out-of-range: 0
Nr. samples lost reported by perf_events kernel: 0

Profiling started at Tue Jul 16 00:41:50 2019
Profiling stopped at Tue Jul 16 00:41:50 2019

-- OProfile/operf Statistics --
Nr. non-backtrace samples: 16
Nr. kernel samples: 11
Nr. user space samples: 5
Nr. samples lost due to sample address not in expected range for domain: 0
Nr. lost kernel samples: 0
Nr. samples lost due to sample file open failure: 0
Nr. samples lost due to no permanent mapping: 0
Nr. user context kernel samples lost due to no app info available: 0
Nr. user samples lost due to no app info available: 0
Nr. backtraces skipped due to no file mapping: 0
Nr. hypervisor samples dropped due to address out-of-range: 0
Nr. samples lost reported by perf_events kernel: 0

Profiling started at Tue Jul 16 00:41:50 2019
Profiling stopped at Tue Jul 16 00:41:50 2019

-- OProfile/operf Statistics --
Nr. non-backtrace samples: 17
Nr. kernel samples: 11
Nr. user space samples: 6
Nr. samples lost due to sample address not in expected range for domain: 0
Nr. lost kernel samples: 0
Nr. samples lost due to sample file open failure: 0
Nr. samples lost due to no permanent mapping: 0
Nr. user context kernel samples lost due to no app info available: 0
Nr. user samples lost due to no app info available: 0
Nr. backtraces skipped due to no file mapping: 0
Nr. hypervisor samples dropped due to address out-of-range: 0
Nr. samples lost reported by perf_events kernel: 0

Profiling started at Tue Jul 16 00:41:51 2019
Profiling stopped at Tue Jul 16 00:41:51 2019

-- OProfile/operf Statistics --
Nr. non-backtrace samples: 17
Nr. kernel samples: 11
Nr. user space samples: 6
Nr. samples lost due to sample address not in expected range for domain: 0
Nr. lost kernel samples: 0
Nr. samples lost due to sample file open failure: 0
Nr. samples lost due to no permanent mapping: 0
Nr. user context kernel samples lost due to no app info available: 0
Nr. user samples lost due to no app info available: 0
Nr. backtraces skipped due to no file mapping: 0
Nr. hypervisor samples dropped due to address out-of-range: 0
Nr. samples lost reported by perf_events kernel: 0

Profiling started at Tue Jul 16 00:41:51 2019
Profiling stopped at Tue Jul 16 00:41:51 2019

-- OProfile/operf Statistics --
Nr. non-backtrace samples: 18
Nr. kernel samples: 10
Nr. user space samples: 8
Nr. samples lost due to sample address not in expected range for domain: 0
Nr. lost kernel samples: 0
Nr. samples lost due to sample file open failure: 0
Nr. samples lost due to no permanent mapping: 0
Nr. user context kernel samples lost due to no app info available: 0
Nr. user samples lost due to no app info available: 0
Nr. backtraces skipped due to no file mapping: 0
Nr. hypervisor samples dropped due to address out-of-range: 0
Nr. samples lost reported by perf_events kernel: 0

Profiling started at Tue Jul 16 00:41:51 2019
Profiling stopped at Tue Jul 16 00:41:51 2019

-- OProfile/operf Statistics --
Nr. non-backtrace samples: 18
Nr. kernel samples: 9
Nr. user space samples: 9
Nr. samples lost due to sample address not in expected range for domain: 0
Nr. lost kernel samples: 0
Nr. samples lost due to sample file open failure: 0
Nr. samples lost due to no permanent mapping: 1
Nr. user context kernel samples lost due to no app info available: 0
Nr. user samples lost due to no app info available: 0
Nr. backtraces skipped due to no file mapping: 0
Nr. hypervisor samples dropped due to address out-of-range: 0
Nr. samples lost reported by perf_events kernel: 0

Profiling started at Tue Jul 16 00:41:51 2019
Profiling stopped at Tue Jul 16 00:41:51 2019

-- OProfile/operf Statistics --
Nr. non-backtrace samples: 21
Nr. kernel samples: 9
Nr. user space samples: 12
Nr. samples lost due to sample address not in expected range for domain: 0
Nr. lost kernel samples: 0
Nr. samples lost due to sample file open failure: 0
Nr. samples lost due to no permanent mapping: 0
Nr. user context kernel samples lost due to no app info available: 0
Nr. user samples lost due to no app info available: 0
Nr. backtraces skipped due to no file mapping: 0
Nr. hypervisor samples dropped due to address out-of-range: 0
Nr. samples lost reported by perf_events kernel: 0

Profiling started at Tue Jul 16 00:41:51 2019
Profiling stopped at Tue Jul 16 00:41:51 2019

-- OProfile/operf Statistics --
Nr. non-backtrace samples: 24
Nr. kernel samples: 9
Nr. user space samples: 15
Nr. samples lost due to sample address not in expected range for domain: 0
Nr. lost kernel samples: 0
Nr. samples lost due to sample file open failure: 0
Nr. samples lost due to no permanent mapping: 0
Nr. user context kernel samples lost due to no app info available: 0
Nr. user samples lost due to no app info available: 0
Nr. backtraces skipped due to no file mapping: 0
Nr. hypervisor samples dropped due to address out-of-range: 0
Nr. samples lost reported by perf_events kernel: 0

Profiling started at Tue Jul 16 00:41:52 2019
Profiling stopped at Tue Jul 16 00:41:52 2019

-- OProfile/operf Statistics --
Nr. non-backtrace samples: 13
Nr. kernel samples: 11
Nr. user space samples: 2
Nr. samples lost due to sample address not in expected range for domain: 0
Nr. lost kernel samples: 0
Nr. samples lost due to sample file open failure: 0
Nr. samples lost due to no permanent mapping: 0
Nr. user context kernel samples lost due to no app info available: 0
Nr. user samples lost due to no app info available: 0
Nr. backtraces skipped due to no file mapping: 0
Nr. hypervisor samples dropped due to address out-of-range: 0
Nr. samples lost reported by perf_events kernel: 0

Profiling started at Tue Jul 16 00:43:12 2019
Profiling stopped at Tue Jul 16 00:43:12 2019

-- OProfile/operf Statistics --
Nr. non-backtrace samples: 12
Nr. kernel samples: 10
Nr. user space samples: 2
Nr. samples lost due to sample address not in expected range for domain: 0
Nr. lost kernel samples: 0
Nr. samples lost due to sample file open failure: 0
Nr. samples lost due to no permanent mapping: 1
Nr. user context kernel samples lost due to no app info available: 0
Nr. user samples lost due to no app info available: 0
Nr. backtraces skipped due to no file mapping: 0
Nr. hypervisor samples dropped due to address out-of-range: 0
Nr. samples lost reported by perf_events kernel: 0

Profiling started at Tue Jul 16 00:43:12 2019
Profiling stopped at Tue Jul 16 00:43:12 2019

-- OProfile/operf Statistics --
Nr. non-backtrace samples: 13
Nr. kernel samples: 10
Nr. user space samples: 3
Nr. samples lost due to sample address not in expected range for domain: 0
Nr. lost kernel samples: 0
Nr. samples lost due to sample file open failure: 0
Nr. samples lost due to no permanent mapping: 1
Nr. user context kernel samples lost due to no app info available: 0
Nr. user samples lost due to no app info available: 0
Nr. backtraces skipped due to no file mapping: 0
Nr. hypervisor samples dropped due to address out-of-range: 0
Nr. samples lost reported by perf_events kernel: 0

Profiling started at Tue Jul 16 00:43:12 2019
Profiling stopped at Tue Jul 16 00:43:12 2019

-- OProfile/operf Statistics --
Nr. non-backtrace samples: 15
Nr. kernel samples: 12
Nr. user space samples: 3
Nr. samples lost due to sample address not in expected range for domain: 0
Nr. lost kernel samples: 0
Nr. samples lost due to sample file open failure: 0
Nr. samples lost due to no permanent mapping: 0
Nr. user context kernel samples lost due to no app info available: 0
Nr. user samples lost due to no app info available: 0
Nr. backtraces skipped due to no file mapping: 0
Nr. hypervisor samples dropped due to address out-of-range: 0
Nr. samples lost reported by perf_events kernel: 0

Profiling started at Tue Jul 16 00:43:12 2019
Profiling stopped at Tue Jul 16 00:43:12 2019

-- OProfile/operf Statistics --
Nr. non-backtrace samples: 14
Nr. kernel samples: 10
Nr. user space samples: 4
Nr. samples lost due to sample address not in expected range for domain: 0
Nr. lost kernel samples: 0
Nr. samples lost due to sample file open failure: 0
Nr. samples lost due to no permanent mapping: 0
Nr. user context kernel samples lost due to no app info available: 0
Nr. user samples lost due to no app info available: 0
Nr. backtraces skipped due to no file mapping: 0
Nr. hypervisor samples dropped due to address out-of-range: 0
Nr. samples lost reported by perf_events kernel: 0

Profiling started at Tue Jul 16 00:43:12 2019
Profiling stopped at Tue Jul 16 00:43:13 2019

-- OProfile/operf Statistics --
Nr. non-backtrace samples: 15
Nr. kernel samples: 9
Nr. user space samples: 6
Nr. samples lost due to sample address not in expected range for domain: 0
Nr. lost kernel samples: 0
Nr. samples lost due to sample file open failure: 0
Nr. samples lost due to no permanent mapping: 0
Nr. user context kernel samples lost due to no app info available: 0
Nr. user samples lost due to no app info available: 0
Nr. backtraces skipped due to no file mapping: 0
Nr. hypervisor samples dropped due to address out-of-range: 0
Nr. samples lost reported by perf_events kernel: 0

Profiling started at Tue Jul 16 00:43:13 2019
Profiling stopped at Tue Jul 16 00:43:13 2019

-- OProfile/operf Statistics --
Nr. non-backtrace samples: 16
Nr. kernel samples: 11
Nr. user space samples: 5
Nr. samples lost due to sample address not in expected range for domain: 0
Nr. lost kernel samples: 0
Nr. samples lost due to sample file open failure: 0
Nr. samples lost due to no permanent mapping: 0
Nr. user context kernel samples lost due to no app info available: 0
Nr. user samples lost due to no app info available: 0
Nr. backtraces skipped due to no file mapping: 0
Nr. hypervisor samples dropped due to address out-of-range: 0
Nr. samples lost reported by perf_events kernel: 0

Profiling started at Tue Jul 16 00:43:13 2019
Profiling stopped at Tue Jul 16 00:43:13 2019

-- OProfile/operf Statistics --
Nr. non-backtrace samples: 14
Nr. kernel samples: 10
Nr. user space samples: 4
Nr. samples lost due to sample address not in expected range for domain: 0
Nr. lost kernel samples: 0
Nr. samples lost due to sample file open failure: 0
Nr. samples lost due to no permanent mapping: 0
Nr. user context kernel samples lost due to no app info available: 0
Nr. user samples lost due to no app info available: 0
Nr. backtraces skipped due to no file mapping: 0
Nr. hypervisor samples dropped due to address out-of-range: 0
Nr. samples lost reported by perf_events kernel: 0

Profiling started at Tue Jul 16 00:43:13 2019
Profiling stopped at Tue Jul 16 00:43:13 2019

-- OProfile/operf Statistics --
Nr. non-backtrace samples: 13
Nr. kernel samples: 10
Nr. user space samples: 3
Nr. samples lost due to sample address not in expected range for domain: 0
Nr. lost kernel samples: 0
Nr. samples lost due to sample file open failure: 0
Nr. samples lost due to no permanent mapping: 0
Nr. user context kernel samples lost due to no app info available: 0
Nr. user samples lost due to no app info available: 0
Nr. backtraces skipped due to no file mapping: 0
Nr. hypervisor samples dropped due to address out-of-range: 0
Nr. samples lost reported by perf_events kernel: 0

Profiling started at Tue Jul 16 00:43:13 2019
Profiling stopped at Tue Jul 16 00:43:13 2019

-- OProfile/operf Statistics --
Nr. non-backtrace samples: 13
Nr. kernel samples: 9
Nr. user space samples: 4
Nr. samples lost due to sample address not in expected range for domain: 0
Nr. lost kernel samples: 0
Nr. samples lost due to sample file open failure: 0
Nr. samples lost due to no permanent mapping: 1
Nr. user context kernel samples lost due to no app info available: 0
Nr. user samples lost due to no app info available: 0
Nr. backtraces skipped due to no file mapping: 0
Nr. hypervisor samples dropped due to address out-of-range: 0
Nr. samples lost reported by perf_events kernel: 0

Profiling started at Tue Jul 16 00:43:13 2019
Profiling stopped at Tue Jul 16 00:43:14 2019

-- OProfile/operf Statistics --
Nr. non-backtrace samples: 15
Nr. kernel samples: 12
Nr. user space samples: 3
Nr. samples lost due to sample address not in expected range for domain: 0
Nr. lost kernel samples: 0
Nr. samples lost due to sample file open failure: 0
Nr. samples lost due to no permanent mapping: 0
Nr. user context kernel samples lost due to no app info available: 0
Nr. user samples lost due to no app info available: 0
Nr. backtraces skipped due to no file mapping: 0
Nr. hypervisor samples dropped due to address out-of-range: 0
Nr. samples lost reported by perf_events kernel: 0

Profiling started at Tue Jul 16 00:48:47 2019
Profiling stopped at Tue Jul 16 00:48:47 2019

-- OProfile/operf Statistics --
Nr. non-backtrace samples: 25
Nr. kernel samples: 15
Nr. user space samples: 10
Nr. samples lost due to sample address not in expected range for domain: 0
Nr. lost kernel samples: 0
Nr. samples lost due to sample file open failure: 0
Nr. samples lost due to no permanent mapping: 0
Nr. user context kernel samples lost due to no app info available: 0
Nr. user samples lost due to no app info available: 0
Nr. backtraces skipped due to no file mapping: 0
Nr. hypervisor samples dropped due to address out-of-range: 0
Nr. samples lost reported by perf_events kernel: 0

Profiling started at Tue Jul 16 00:48:47 2019
Profiling stopped at Tue Jul 16 00:48:47 2019

-- OProfile/operf Statistics --
Nr. non-backtrace samples: 30
Nr. kernel samples: 17
Nr. user space samples: 13
Nr. samples lost due to sample address not in expected range for domain: 0
Nr. lost kernel samples: 0
Nr. samples lost due to sample file open failure: 0
Nr. samples lost due to no permanent mapping: 0
Nr. user context kernel samples lost due to no app info available: 0
Nr. user samples lost due to no app info available: 0
Nr. backtraces skipped due to no file mapping: 0
Nr. hypervisor samples dropped due to address out-of-range: 0
Nr. samples lost reported by perf_events kernel: 0

Profiling started at Tue Jul 16 00:48:47 2019
Profiling stopped at Tue Jul 16 00:48:47 2019

-- OProfile/operf Statistics --
Nr. non-backtrace samples: 36
Nr. kernel samples: 17
Nr. user space samples: 19
Nr. samples lost due to sample address not in expected range for domain: 0
Nr. lost kernel samples: 0
Nr. samples lost due to sample file open failure: 0
Nr. samples lost due to no permanent mapping: 0
Nr. user context kernel samples lost due to no app info available: 0
Nr. user samples lost due to no app info available: 0
Nr. backtraces skipped due to no file mapping: 0
Nr. hypervisor samples dropped due to address out-of-range: 0
Nr. samples lost reported by perf_events kernel: 0

Profiling started at Tue Jul 16 00:48:47 2019
Profiling stopped at Tue Jul 16 00:48:47 2019

-- OProfile/operf Statistics --
Nr. non-backtrace samples: 43
Nr. kernel samples: 15
Nr. user space samples: 28
Nr. samples lost due to sample address not in expected range for domain: 0
Nr. lost kernel samples: 0
Nr. samples lost due to sample file open failure: 0
Nr. samples lost due to no permanent mapping: 1
Nr. user context kernel samples lost due to no app info available: 0
Nr. user samples lost due to no app info available: 0
Nr. backtraces skipped due to no file mapping: 0
Nr. hypervisor samples dropped due to address out-of-range: 0
Nr. samples lost reported by perf_events kernel: 0

Profiling started at Tue Jul 16 00:48:47 2019
Profiling stopped at Tue Jul 16 00:48:48 2019

-- OProfile/operf Statistics --
Nr. non-backtrace samples: 56
Nr. kernel samples: 17
Nr. user space samples: 39
Nr. samples lost due to sample address not in expected range for domain: 0
Nr. lost kernel samples: 0
Nr. samples lost due to sample file open failure: 0
Nr. samples lost due to no permanent mapping: 0
Nr. user context kernel samples lost due to no app info available: 0
Nr. user samples lost due to no app info available: 0
Nr. backtraces skipped due to no file mapping: 0
Nr. hypervisor samples dropped due to address out-of-range: 0
Nr. samples lost reported by perf_events kernel: 0

Profiling started at Tue Jul 16 00:48:48 2019
Profiling stopped at Tue Jul 16 00:48:48 2019

-- OProfile/operf Statistics --
Nr. non-backtrace samples: 65
Nr. kernel samples: 16
Nr. user space samples: 49
Nr. samples lost due to sample address not in expected range for domain: 0
Nr. lost kernel samples: 0
Nr. samples lost due to sample file open failure: 0
Nr. samples lost due to no permanent mapping: 0
Nr. user context kernel samples lost due to no app info available: 0
Nr. user samples lost due to no app info available: 0
Nr. backtraces skipped due to no file mapping: 0
Nr. hypervisor samples dropped due to address out-of-range: 0
Nr. samples lost reported by perf_events kernel: 0

Profiling started at Tue Jul 16 00:48:48 2019
Profiling stopped at Tue Jul 16 00:48:48 2019

-- OProfile/operf Statistics --
Nr. non-backtrace samples: 81
Nr. kernel samples: 16
Nr. user space samples: 65
Nr. samples lost due to sample address not in expected range for domain: 0
Nr. lost kernel samples: 0
Nr. samples lost due to sample file open failure: 0
Nr. samples lost due to no permanent mapping: 0
Nr. user context kernel samples lost due to no app info available: 0
Nr. user samples lost due to no app info available: 0
Nr. backtraces skipped due to no file mapping: 0
Nr. hypervisor samples dropped due to address out-of-range: 0
Nr. samples lost reported by perf_events kernel: 0

Profiling started at Tue Jul 16 00:48:48 2019
Profiling stopped at Tue Jul 16 00:48:48 2019

-- OProfile/operf Statistics --
Nr. non-backtrace samples: 93
Nr. kernel samples: 17
Nr. user space samples: 76
Nr. samples lost due to sample address not in expected range for domain: 0
Nr. lost kernel samples: 0
Nr. samples lost due to sample file open failure: 0
Nr. samples lost due to no permanent mapping: 0
Nr. user context kernel samples lost due to no app info available: 0
Nr. user samples lost due to no app info available: 0
Nr. backtraces skipped due to no file mapping: 0
Nr. hypervisor samples dropped due to address out-of-range: 0
Nr. samples lost reported by perf_events kernel: 0

Profiling started at Tue Jul 16 00:48:48 2019
Profiling stopped at Tue Jul 16 00:48:48 2019

-- OProfile/operf Statistics --
Nr. non-backtrace samples: 108
Nr. kernel samples: 15
Nr. user space samples: 93
Nr. samples lost due to sample address not in expected range for domain: 0
Nr. lost kernel samples: 0
Nr. samples lost due to sample file open failure: 0
Nr. samples lost due to no permanent mapping: 1
Nr. user context kernel samples lost due to no app info available: 0
Nr. user samples lost due to no app info available: 0
Nr. backtraces skipped due to no file mapping: 0
Nr. hypervisor samples dropped due to address out-of-range: 0
Nr. samples lost reported by perf_events kernel: 0

Profiling started at Tue Jul 16 00:48:48 2019
Profiling stopped at Tue Jul 16 00:48:49 2019

-- OProfile/operf Statistics --
Nr. non-backtrace samples: 126
Nr. kernel samples: 13
Nr. user space samples: 113
Nr. samples lost due to sample address not in expected range for domain: 0
Nr. lost kernel samples: 0
Nr. samples lost due to sample file open failure: 0
Nr. samples lost due to no permanent mapping: 1
Nr. user context kernel samples lost due to no app info available: 0
Nr. user samples lost due to no app info available: 0
Nr. backtraces skipped due to no file mapping: 0
Nr. hypervisor samples dropped due to address out-of-range: 0
Nr. samples lost reported by perf_events kernel: 0
